[13:01:37] [Server thread/INFO]: Starting minecraft server version 1.8.8
[13:01:37] [Server thread/INFO]: Loading properties
[13:01:37] [Server thread/INFO]: Default game type: SURVIVAL
[13:01:37] [Server thread/INFO]: Generating keypair
[13:01:37] [Server thread/INFO]: Starting Minecraft server on *:25565
[13:01:37] [Server thread/INFO]: Using default channel type
[13:01:37] [Server thread/WARN]: **** SERVER IS RUNNING IN OFFLINE/INSECURE MODE!
[13:01:37] [Server thread/WARN]: The server will make no attempt to authenticate usernames. Beware.
[13:01:37] [Server thread/WARN]: While this makes the game possible to play without internet access, it also opens up the ability for hackers to connect with any username they choose.
[13:01:37] [Server thread/WARN]: To change this, set "online-mode" to "true" in the server.properties file.
[13:01:37] [Server thread/INFO]: Preparing level "world"
[13:01:37] [Server thread/INFO]: Preparing start region for level 0
[13:01:38] [Server thread/INFO]: Preparing spawn area: 24%
[13:01:39] [Server thread/INFO]: Done (1.910s)! For help, type "help" or "?"
[13:02:16] [Server thread/INFO]: benkio[/127.0.0.1:61655] logged in with entity id 429 at (6.883099361032482, 63.0, -7.995613499151441)
[13:02:16] [Server thread/INFO]: benkio joined the game
[13:02:33] [Server thread/INFO]: benkio lost connection: TextComponent{text='Disconnected', siblings=[], style=Style{hasParent=false, color=null, bold=null, italic=null, underlined=null, obfuscated=null, clickEvent=null, hoverEvent=null, insertion=null}}
[13:02:33] [Server thread/INFO]: benkio left the game
[16:07:46] [Server thread/WARN]: Can't keep up! Did the system time change, or is the server overloaded? Running 10799234ms behind, skipping 215984 tick(s)
[23:47:12] [Server thread/WARN]: Can't keep up! Did the system time change, or is the server overloaded? Running 27563244ms behind, skipping 551264 tick(s)
[23:47:42] [Server thread/WARN]: The save is being accessed from another location, aborting
[23:48:27] [Server thread/WARN]: The save is being accessed from another location, aborting
[23:49:12] [Server thread/WARN]: The save is being accessed from another location, aborting
[23:49:57] [Server thread/WARN]: The save is being accessed from another location, aborting
[23:50:42] [Server thread/WARN]: The save is being accessed from another location, aborting
[23:51:27] [Server thread/WARN]: The save is being accessed from another location, aborting
[23:52:12] [Server thread/WARN]: The save is being accessed from another location, aborting
[23:52:57] [Server thread/WARN]: The save is being accessed from another location, aborting
[23:53:42] [Server thread/WARN]: The save is being accessed from another location, aborting
[23:53:51] [Server thread/WARN]: Time ran backwards! Did the system time change?
[23:54:27] [Server thread/WARN]: The save is being accessed from another location, aborting
[23:55:12] [Server thread/WARN]: The save is being accessed from another location, aborting
[23:55:57] [Server thread/WARN]: The save is being accessed from another location, aborting
[23:56:42] [Server thread/WARN]: The save is being accessed from another location, aborting
[23:57:27] [Server thread/WARN]: The save is being accessed from another location, aborting
[23:58:12] [Server thread/WARN]: The save is being accessed from another location, aborting
[23:58:57] [Server thread/WARN]: The save is being accessed from another location, aborting
[23:59:42] [Server thread/WARN]: The save is being accessed from another location, aborting
